<?xml version="1.0" encoding="UTF-8" standalone="no"?>
<!DOCTYPE log SYSTEM "logger.dtd">
<log>
<record>
  <date>2023-12-29T00:08:10</date>
  <millis>1703788690216</millis>
  <sequence>0</sequence>
  <level>START</level>
  <class>com.kms.katalon.core.logging.XmlKeywordLogger</class>
  <method>startSuite</method>
  <thread>1</thread>
  <message>Start Test Suite : Test Suites/Basic browser operations</message>
  <nestedLevel>0</nestedLevel>
  <escapedJava>false</escapedJava>
  <property name="rerunTestFailImmediately">true</property>
  <property name="retryCount">3</property>
  <property name="name">Basic browser operations</property>
  <property name="description"></property>
  <property name="id">Test Suites/Basic browser operations</property>
</record>
<record>
  <date>2023-12-29T00:08:10</date>
  <millis>1703788690231</millis>
  <sequence>1</sequence>
  <level>RUN_DATA</level>
  <class>com.kms.katalon.core.logging.XmlKeywordLogger</class>
  <method>logMessage</method>
  <thread>1</thread>
  <message>hostName = KalpanaKukreja - RC-IND-4BYDRG3</message>
  <nestedLevel>0</nestedLevel>
  <escapedJava>false</escapedJava>
  <property name="hostName">KalpanaKukreja - RC-IND-4BYDRG3</property>
</record>
<record>
  <date>2023-12-29T00:08:10</date>
  <millis>1703788690231</millis>
  <sequence>2</sequence>
  <level>RUN_DATA</level>
  <class>com.kms.katalon.core.logging.XmlKeywordLogger</class>
  <method>logMessage</method>
  <thread>1</thread>
  <message>os = Windows 10 64bit</message>
  <nestedLevel>0</nestedLevel>
  <escapedJava>false</escapedJava>
  <property name="os">Windows 10 64bit</property>
</record>
<record>
  <date>2023-12-29T00:08:10</date>
  <millis>1703788690231</millis>
  <sequence>3</sequence>
  <level>RUN_DATA</level>
  <class>com.kms.katalon.core.logging.XmlKeywordLogger</class>
  <method>logMessage</method>
  <thread>1</thread>
  <message>hostAddress = 192.168.0.221</message>
  <nestedLevel>0</nestedLevel>
  <escapedJava>false</escapedJava>
  <property name="hostAddress">192.168.0.221</property>
</record>
<record>
  <date>2023-12-29T00:08:10</date>
  <millis>1703788690232</millis>
  <sequence>4</sequence>
  <level>RUN_DATA</level>
  <class>com.kms.katalon.core.logging.XmlKeywordLogger</class>
  <method>logMessage</method>
  <thread>1</thread>
  <message>katalonVersion = 8.6.8.208</message>
  <nestedLevel>0</nestedLevel>
  <escapedJava>false</escapedJava>
  <property name="katalonVersion">8.6.8.208</property>
</record>
<record>
  <date>2023-12-29T00:08:10</date>
  <millis>1703788690471</millis>
  <sequence>5</sequence>
  <level>START</level>
  <class>com.kms.katalon.core.logging.XmlKeywordLogger</class>
  <method>startTest</method>
  <thread>1</thread>
  <message>Start Test Case : Test Cases/Browser Operations in Katalon/TC_001 -Basic browser operations</message>
  <nestedLevel>1</nestedLevel>
  <escapedJava>false</escapedJava>
  <property name="remainingRetryCount">3</property>
  <property name="name">Test Cases/Browser Operations in Katalon/TC_001 -Basic browser operations</property>
  <property name="description"></property>
  <property name="iteration"></property>
  <property name="id">Test Cases/Browser Operations in Katalon/TC_001 -Basic browser operations</property>
  <property name="source">C:\Users\KalpanaKukreja\Documents\Katalon Courses\Browser operations in Katalon\Katalon Automation Courses\Test Cases\Browser Operations in Katalon\TC_001 -Basic browser operations.tc</property>
  <property name="tag"></property>
  <property name="isOptional">false</property>
  <property name="currentRetryCount">0</property>
</record>
<record>
  <date>2023-12-29T00:08:10</date>
  <millis>1703788690866</millis>
  <sequence>7</sequence>
  <level>START</level>
  <class>com.kms.katalon.core.logging.XmlKeywordLogger</class>
  <method>startKeyword</method>
  <thread>1</thread>
  <message>Start action : openBrowser(&amp;quot;https://katalon-demo-cura.herokuapp.com/&amp;quot;)</message>
  <nestedLevel>1</nestedLevel>
  <escapedJava>false</escapedJava>
  <property name="startLine">20</property>
  <property name="stepIndex">1</property>
</record>
<record>
  <date>2023-12-29T00:08:11</date>
  <millis>1703788691156</millis>
  <sequence>9</sequence>
  <level>INFO</level>
  <class>com.kms.katalon.core.logging.XmlKeywordLogger</class>
  <method>logMessage</method>
  <thread>1</thread>
  <message>User set preference: [&amp;apos;browserName&amp;apos;, &amp;apos;chrome&amp;apos;]</message>
  <nestedLevel>1</nestedLevel>
  <escapedJava>false</escapedJava>
</record>
<record>
  <date>2023-12-29T00:08:11</date>
  <millis>1703788691157</millis>
  <sequence>10</sequence>
  <level>INFO</level>
  <class>com.kms.katalon.core.logging.XmlKeywordLogger</class>
  <method>logMessage</method>
  <thread>1</thread>
  <message>User set preference: [&amp;apos;platformName&amp;apos;, &amp;apos;Android&amp;apos;]</message>
  <nestedLevel>1</nestedLevel>
  <escapedJava>false</escapedJava>
</record>
<record>
  <date>2023-12-29T00:08:11</date>
  <millis>1703788691158</millis>
  <sequence>11</sequence>
  <level>INFO</level>
  <class>com.kms.katalon.core.logging.XmlKeywordLogger</class>
  <method>logMessage</method>
  <thread>1</thread>
  <message>User set preference: [&amp;apos;browserVersion&amp;apos;, &amp;apos;latest&amp;apos;]</message>
  <nestedLevel>1</nestedLevel>
  <escapedJava>false</escapedJava>
</record>
<record>
  <date>2023-12-29T00:08:11</date>
  <millis>1703788691158</millis>
  <sequence>12</sequence>
  <level>INFO</level>
  <class>com.kms.katalon.core.logging.XmlKeywordLogger</class>
  <method>logMessage</method>
  <thread>1</thread>
  <message>User set preference: [&amp;apos;deviceName&amp;apos;, &amp;apos;Samsung Samsung Galaxy Tab S9&amp;apos;]</message>
  <nestedLevel>1</nestedLevel>
  <escapedJava>false</escapedJava>
</record>
<record>
  <date>2023-12-29T00:08:11</date>
  <millis>1703788691158</millis>
  <sequence>13</sequence>
  <level>INFO</level>
  <class>com.kms.katalon.core.logging.XmlKeywordLogger</class>
  <method>logMessage</method>
  <thread>1</thread>
  <message>User set preference: [&amp;apos;platformVersion&amp;apos;, &amp;apos;13&amp;apos;]</message>
  <nestedLevel>1</nestedLevel>
  <escapedJava>false</escapedJava>
</record>
<record>
  <date>2023-12-29T00:08:11</date>
  <millis>1703788691158</millis>
  <sequence>14</sequence>
  <level>INFO</level>
  <class>com.kms.katalon.core.logging.XmlKeywordLogger</class>
  <method>logMessage</method>
  <thread>1</thread>
  <message>User set preference: [&amp;apos;deviceId&amp;apos;, &amp;apos;samsung_galaxy_tab_s9&amp;apos;]</message>
  <nestedLevel>1</nestedLevel>
  <escapedJava>false</escapedJava>
</record>
<record>
  <date>2023-12-29T00:08:11</date>
  <millis>1703788691159</millis>
  <sequence>15</sequence>
  <level>INFO</level>
  <class>com.kms.katalon.core.logging.XmlKeywordLogger</class>
  <method>logMessage</method>
  <thread>1</thread>
  <message>User set preference: [&amp;apos;katalon:option&amp;apos;, &amp;apos;{organizationId=167916, tunnelId=, deviceVersion=13, deviceId=samsung_galaxy_tab_s9, usingTunnel=false}&amp;apos;]</message>
  <nestedLevel>1</nestedLevel>
  <escapedJava>false</escapedJava>
</record>
<record>
  <date>2023-12-29T00:08:11</date>
  <millis>1703788691167</millis>
  <sequence>16</sequence>
  <level>INFO</level>
  <class>com.kms.katalon.core.logging.XmlKeywordLogger</class>
  <method>logMessage</method>
  <thread>1</thread>
  <message>Connecting to remote web server &amp;apos;testcloud.katalon.com/hub&amp;apos; with type &amp;apos;Selenium&amp;apos;</message>
  <nestedLevel>1</nestedLevel>
  <escapedJava>false</escapedJava>
</record>
<record>
  <date>2023-12-29T00:08:11</date>
  <millis>1703788691671</millis>
  <sequence>17</sequence>
  <level>INFO</level>
  <class>com.kms.katalon.core.logging.XmlKeywordLogger</class>
  <method>logMessage</method>
  <thread>1</thread>
  <message>Action delay is set to 0 milliseconds</message>
  <nestedLevel>1</nestedLevel>
  <escapedJava>false</escapedJava>
</record>
<record>
  <date>2023-12-29T00:10:18</date>
  <millis>1703788818103</millis>
  <sequence>19</sequence>
  <level>RUN_DATA</level>
  <class>com.kms.katalon.core.logging.XmlKeywordLogger</class>
  <method>logMessage</method>
  <thread>1</thread>
  <message>remoteDriverUrl = testcloud.katalon.com/hub</message>
  <nestedLevel>1</nestedLevel>
  <escapedJava>false</escapedJava>
  <property name="remoteDriverUrl">testcloud.katalon.com/hub</property>
</record>
<record>
  <date>2023-12-29T00:10:18</date>
  <millis>1703788818104</millis>
  <sequence>20</sequence>
  <level>RUN_DATA</level>
  <class>com.kms.katalon.core.logging.XmlKeywordLogger</class>
  <method>logMessage</method>
  <thread>1</thread>
  <message>remoteOS = Android</message>
  <nestedLevel>1</nestedLevel>
  <escapedJava>false</escapedJava>
  <property name="remoteOS">Android</property>
</record>
<record>
  <date>2023-12-29T00:10:18</date>
  <millis>1703788818128</millis>
  <sequence>21</sequence>
  <level>RUN_DATA</level>
  <class>com.kms.katalon.core.logging.XmlKeywordLogger</class>
  <method>logMessage</method>
  <thread>1</thread>
  <message>desiredCapabilities = {
  &amp;quot;appPackage&amp;quot;: &amp;quot;com.android.chrome&amp;quot;,
  &amp;quot;chromedriverPorts&amp;quot;: [
    [
      3210,
      3220
    ]
  ],
  &amp;quot;testobject_test_report_url&amp;quot;: &amp;quot;https://app.*********.com/tests/47c981acbb214933a114c8aab0ac7a51&amp;quot;,
  &amp;quot;deviceName&amp;quot;: &amp;quot;Samsung Samsung Galaxy Tab S9&amp;quot;,
  &amp;quot;adbHost&amp;quot;: &amp;quot;172.20.0.86&amp;quot;,
  &amp;quot;***:options&amp;quot;: {
    &amp;quot;name&amp;quot;: &amp;quot;TestCloud Automated Test Session &amp;quot;,
    &amp;quot;build&amp;quot;: &amp;quot;TestCloud Automated Test Session &amp;quot;
  },
  &amp;quot;browserVersion&amp;quot;: &amp;quot;120.0.0.0&amp;quot;,
  &amp;quot;webStorageEnabled&amp;quot;: false,
  &amp;quot;browserName&amp;quot;: &amp;quot;Chrome&amp;quot;,
  &amp;quot;javascriptEnabled&amp;quot;: true,
  &amp;quot;remoteAppsCacheLimit&amp;quot;: 0,
  &amp;quot;systemPort&amp;quot;: 21111,
  &amp;quot;adbPort&amp;quot;: 17111,
  &amp;quot;usedCachedDevice&amp;quot;: false,
  &amp;quot;version&amp;quot;: &amp;quot;latest&amp;quot;,
  &amp;quot;appActivity&amp;quot;: &amp;quot;com.google.android.apps.chrome.Main&amp;quot;,
  &amp;quot;proxy&amp;quot;: {
    &amp;quot;proxyType&amp;quot;: &amp;quot;DIRECT&amp;quot;,
    &amp;quot;autodetect&amp;quot;: false
  },
  &amp;quot;chromedriverChromeMappingFile&amp;quot;: &amp;quot;/root/.testobject_devices/work/chromedriver-mapping.json&amp;quot;,
  &amp;quot;appiumData&amp;quot;: {
    &amp;quot;appiumVersion&amp;quot;: &amp;quot;1.22.2&amp;quot;,
    &amp;quot;automationName&amp;quot;: &amp;quot;UiAutomator2&amp;quot;
  },
  &amp;quot;pixelRatio&amp;quot;: 2.125,
  &amp;quot;deviceScreenDensity&amp;quot;: 340,
  &amp;quot;appium:deviceName&amp;quot;: &amp;quot;Samsung_Galaxy_Tab_S9_real_us&amp;quot;,
  &amp;quot;suppressKillServer&amp;quot;: true,
  &amp;quot;testobject_user_id&amp;quot;: &amp;quot;coty_katalon&amp;quot;,
  &amp;quot;statBarHeight&amp;quot;: 51,
  &amp;quot;testobject_device_name&amp;quot;: &amp;quot;Samsung Galaxy Tab S9&amp;quot;,
  &amp;quot;viewportRect&amp;quot;: {
    &amp;quot;left&amp;quot;: 0,
    &amp;quot;top&amp;quot;: 51,
    &amp;quot;width&amp;quot;: 2560,
    &amp;quot;height&amp;quot;: 1447
  },
  &amp;quot;testobject_device_session_id&amp;quot;: &amp;quot;cdcbfacc-2d34-4fe1-956f-178ab5c8259d&amp;quot;,
  &amp;quot;uiautomator2ServerInstallTimeout&amp;quot;: 60000,
  &amp;quot;platform&amp;quot;: &amp;quot;ANDROID&amp;quot;,
  &amp;quot;deviceUDID&amp;quot;: &amp;quot;R52W7067VBR&amp;quot;,
  &amp;quot;jobUuid&amp;quot;: &amp;quot;47c981acbb214933a114c8aab0ac7a51&amp;quot;,
  &amp;quot;desired&amp;quot;: {
    &amp;quot;proxy&amp;quot;: {
      &amp;quot;proxyType&amp;quot;: &amp;quot;direct&amp;quot;
    },
    &amp;quot;browserVersion&amp;quot;: &amp;quot;latest&amp;quot;,
    &amp;quot;browserName&amp;quot;: &amp;quot;Chrome&amp;quot;,
    &amp;quot;katalon:option&amp;quot;: {
      &amp;quot;unlimitedExecutionMinutes&amp;quot;: true,
      &amp;quot;deviceVersion&amp;quot;: &amp;quot;13&amp;quot;,
      &amp;quot;deviceId&amp;quot;: &amp;quot;samsung_galaxy_tab_s9&amp;quot;,
      &amp;quot;userId&amp;quot;: 579468,
      &amp;quot;organizationId&amp;quot;: &amp;quot;167916&amp;quot;,
      &amp;quot;class&amp;quot;: &amp;quot;com.katalon.testcloud.grid.common.tunnel.domain.UserOptionCapability&amp;quot;,
      &amp;quot;runFromTestCloud&amp;quot;: true,
      &amp;quot;usingTunnel&amp;quot;: false
    },
    &amp;quot;platformName&amp;quot;: &amp;quot;Android&amp;quot;,
    &amp;quot;***:options&amp;quot;: {
      &amp;quot;name&amp;quot;: &amp;quot;TestCloud Automated Test Session &amp;quot;,
      &amp;quot;build&amp;quot;: &amp;quot;TestCloud Automated Test Session &amp;quot;
    },
    &amp;quot;***:chromeOptions&amp;quot;: {
      &amp;quot;androidDevToolsPort&amp;quot;: 22311
    },
    &amp;quot;remoteAdbHost&amp;quot;: &amp;quot;172.20.0.86&amp;quot;,
    &amp;quot;suppressKillServer&amp;quot;: true,
    &amp;quot;chromedriverPorts&amp;quot;: [
      [
        3210,
        3220
      ]
    ],
    &amp;quot;chromedriverChromeMappingFile&amp;quot;: &amp;quot;/root/.testobject_devices/work/chromedriver-mapping.json&amp;quot;,
    &amp;quot;adbPort&amp;quot;: 17111,
    &amp;quot;uiautomator2ServerInstallTimeout&amp;quot;: 60000,
    &amp;quot;chromedriverExecutableDir&amp;quot;: &amp;quot;/root/.testobject_devices/work/chromedrivers&amp;quot;,
    &amp;quot;remoteAppsCacheLimit&amp;quot;: 0,
    &amp;quot;adbHost&amp;quot;: &amp;quot;172.20.0.86&amp;quot;,
    &amp;quot;systemPort&amp;quot;: 21111,
    &amp;quot;chromeOptions&amp;quot;: {
      &amp;quot;w3c&amp;quot;: true
    },
    &amp;quot;deviceName&amp;quot;: &amp;quot;Samsung_Galaxy_Tab_S9_real_us&amp;quot;
  },
  &amp;quot;requestId&amp;quot;: &amp;quot;e185a419-74c4-4848-b073-eb9e0dd6f09f&amp;quot;,
  &amp;quot;platformVersion&amp;quot;: &amp;quot;13&amp;quot;,
  &amp;quot;takesScreenshot&amp;quot;: true,
  &amp;quot;katalon:option&amp;quot;: {
    &amp;quot;unlimitedExecutionMinutes&amp;quot;: true,
    &amp;quot;deviceVersion&amp;quot;: &amp;quot;13&amp;quot;,
    &amp;quot;deviceId&amp;quot;: &amp;quot;samsung_galaxy_tab_s9&amp;quot;,
    &amp;quot;userId&amp;quot;: 579468,
    &amp;quot;organizationId&amp;quot;: &amp;quot;167916&amp;quot;,
    &amp;quot;class&amp;quot;: &amp;quot;com.katalon.testcloud.grid.common.tunnel.domain.UserOptionCapability&amp;quot;,
    &amp;quot;runFromTestCloud&amp;quot;: true,
    &amp;quot;usingTunnel&amp;quot;: false
  },
  &amp;quot;deviceApiLevel&amp;quot;: 33,
  &amp;quot;deviceManufacturer&amp;quot;: &amp;quot;samsung&amp;quot;,
  &amp;quot;platformName&amp;quot;: &amp;quot;ANDROID&amp;quot;,
  &amp;quot;chromedriverExecutableDir&amp;quot;: &amp;quot;/root/.testobject_devices/work/chromedrivers&amp;quot;,
  &amp;quot;remoteAdbHost&amp;quot;: &amp;quot;172.20.0.86&amp;quot;,
  &amp;quot;deviceContextId&amp;quot;: &amp;quot;2436383b-ce4c-4a15-a69b-71a40286d2a7&amp;quot;,
  &amp;quot;deviceScreenSize&amp;quot;: &amp;quot;2560x1600&amp;quot;,
  &amp;quot;networkConnectionEnabled&amp;quot;: true,
  &amp;quot;warnings&amp;quot;: {},
  &amp;quot;testobject_device&amp;quot;: &amp;quot;Samsung_Galaxy_Tab_S9_real_us&amp;quot;,
  &amp;quot;databaseEnabled&amp;quot;: false,
  &amp;quot;se:cdp&amp;quot;: &amp;quot;ws://172.48.10.4:4444/session/ade78195-f9c4-4ec6-8ba9-54bfdbefa86d/se/cdp&amp;quot;,
  &amp;quot;testobject_test_report_api_url&amp;quot;: &amp;quot;https://***.*********.com/v1/rdc/jobs/47c981acbb214933a114c8aab0ac7a51&amp;quot;,
  &amp;quot;locationContextEnabled&amp;quot;: false,
  &amp;quot;***:chromeOptions&amp;quot;: {
    &amp;quot;androidDevToolsPort&amp;quot;: 22311
  },
  &amp;quot;deviceModel&amp;quot;: &amp;quot;SM-X710&amp;quot;,
  &amp;quot;chromeOptions&amp;quot;: {
    &amp;quot;w3c&amp;quot;: true
  }
}</message>
  <nestedLevel>1</nestedLevel>
  <escapedJava>false</escapedJava>
  <property name="desiredCapabilities">{
  &quot;appPackage&quot;: &quot;com.android.chrome&quot;,
  &quot;chromedriverPorts&quot;: [
    [
      3210,
      3220
    ]
  ],
  &quot;testobject_test_report_url&quot;: &quot;https://app.*********.com/tests/47c981acbb214933a114c8aab0ac7a51&quot;,
  &quot;deviceName&quot;: &quot;Samsung Samsung Galaxy Tab S9&quot;,
  &quot;adbHost&quot;: &quot;172.20.0.86&quot;,
  &quot;***:options&quot;: {
    &quot;name&quot;: &quot;TestCloud Automated Test Session &quot;,
    &quot;build&quot;: &quot;TestCloud Automated Test Session &quot;
  },
  &quot;browserVersion&quot;: &quot;120.0.0.0&quot;,
  &quot;webStorageEnabled&quot;: false,
  &quot;browserName&quot;: &quot;Chrome&quot;,
  &quot;javascriptEnabled&quot;: true,
  &quot;remoteAppsCacheLimit&quot;: 0,
  &quot;systemPort&quot;: 21111,
  &quot;adbPort&quot;: 17111,
  &quot;usedCachedDevice&quot;: false,
  &quot;version&quot;: &quot;latest&quot;,
  &quot;appActivity&quot;: &quot;com.google.android.apps.chrome.Main&quot;,
  &quot;proxy&quot;: {
    &quot;proxyType&quot;: &quot;DIRECT&quot;,
    &quot;autodetect&quot;: false
  },
  &quot;chromedriverChromeMappingFile&quot;: &quot;/root/.testobject_devices/work/chromedriver-mapping.json&quot;,
  &quot;appiumData&quot;: {
    &quot;appiumVersion&quot;: &quot;1.22.2&quot;,
    &quot;automationName&quot;: &quot;UiAutomator2&quot;
  },
  &quot;pixelRatio&quot;: 2.125,
  &quot;deviceScreenDensity&quot;: 340,
  &quot;appium:deviceName&quot;: &quot;Samsung_Galaxy_Tab_S9_real_us&quot;,
  &quot;suppressKillServer&quot;: true,
  &quot;testobject_user_id&quot;: &quot;coty_katalon&quot;,
  &quot;statBarHeight&quot;: 51,
  &quot;testobject_device_name&quot;: &quot;Samsung Galaxy Tab S9&quot;,
  &quot;viewportRect&quot;: {
    &quot;left&quot;: 0,
    &quot;top&quot;: 51,
    &quot;width&quot;: 2560,
    &quot;height&quot;: 1447
  },
  &quot;testobject_device_session_id&quot;: &quot;cdcbfacc-2d34-4fe1-956f-178ab5c8259d&quot;,
  &quot;uiautomator2ServerInstallTimeout&quot;: 60000,
  &quot;platform&quot;: &quot;ANDROID&quot;,
  &quot;deviceUDID&quot;: &quot;R52W7067VBR&quot;,
  &quot;jobUuid&quot;: &quot;47c981acbb214933a114c8aab0ac7a51&quot;,
  &quot;desired&quot;: {
    &quot;proxy&quot;: {
      &quot;proxyType&quot;: &quot;direct&quot;
    },
    &quot;browserVersion&quot;: &quot;latest&quot;,
    &quot;browserName&quot;: &quot;Chrome&quot;,
    &quot;katalon:option&quot;: {
      &quot;unlimitedExecutionMinutes&quot;: true,
      &quot;deviceVersion&quot;: &quot;13&quot;,
      &quot;deviceId&quot;: &quot;samsung_galaxy_tab_s9&quot;,
      &quot;userId&quot;: 579468,
      &quot;organizationId&quot;: &quot;167916&quot;,
      &quot;class&quot;: &quot;com.katalon.testcloud.grid.common.tunnel.domain.UserOptionCapability&quot;,
      &quot;runFromTestCloud&quot;: true,
      &quot;usingTunnel&quot;: false
    },
    &quot;platformName&quot;: &quot;Android&quot;,
    &quot;***:options&quot;: {
      &quot;name&quot;: &quot;TestCloud Automated Test Session &quot;,
      &quot;build&quot;: &quot;TestCloud Automated Test Session &quot;
    },
    &quot;***:chromeOptions&quot;: {
      &quot;androidDevToolsPort&quot;: 22311
    },
    &quot;remoteAdbHost&quot;: &quot;172.20.0.86&quot;,
    &quot;suppressKillServer&quot;: true,
    &quot;chromedriverPorts&quot;: [
      [
        3210,
        3220
      ]
    ],
    &quot;chromedriverChromeMappingFile&quot;: &quot;/root/.testobject_devices/work/chromedriver-mapping.json&quot;,
    &quot;adbPort&quot;: 17111,
    &quot;uiautomator2ServerInstallTimeout&quot;: 60000,
    &quot;chromedriverExecutableDir&quot;: &quot;/root/.testobject_devices/work/chromedrivers&quot;,
    &quot;remoteAppsCacheLimit&quot;: 0,
    &quot;adbHost&quot;: &quot;172.20.0.86&quot;,
    &quot;systemPort&quot;: 21111,
    &quot;chromeOptions&quot;: {
      &quot;w3c&quot;: true
    },
    &quot;deviceName&quot;: &quot;Samsung_Galaxy_Tab_S9_real_us&quot;
  },
  &quot;requestId&quot;: &quot;e185a419-74c4-4848-b073-eb9e0dd6f09f&quot;,
  &quot;platformVersion&quot;: &quot;13&quot;,
  &quot;takesScreenshot&quot;: true,
  &quot;katalon:option&quot;: {
    &quot;unlimitedExecutionMinutes&quot;: true,
    &quot;deviceVersion&quot;: &quot;13&quot;,
    &quot;deviceId&quot;: &quot;samsung_galaxy_tab_s9&quot;,
    &quot;userId&quot;: 579468,
    &quot;organizationId&quot;: &quot;167916&quot;,
    &quot;class&quot;: &quot;com.katalon.testcloud.grid.common.tunnel.domain.UserOptionCapability&quot;,
    &quot;runFromTestCloud&quot;: true,
    &quot;usingTunnel&quot;: false
  },
  &quot;deviceApiLevel&quot;: 33,
  &quot;deviceManufacturer&quot;: &quot;samsung&quot;,
  &quot;platformName&quot;: &quot;ANDROID&quot;,
  &quot;chromedriverExecutableDir&quot;: &quot;/root/.testobject_devices/work/chromedrivers&quot;,
  &quot;remoteAdbHost&quot;: &quot;172.20.0.86&quot;,
  &quot;deviceContextId&quot;: &quot;2436383b-ce4c-4a15-a69b-71a40286d2a7&quot;,
  &quot;deviceScreenSize&quot;: &quot;2560x1600&quot;,
  &quot;networkConnectionEnabled&quot;: true,
  &quot;warnings&quot;: {},
  &quot;testobject_device&quot;: &quot;Samsung_Galaxy_Tab_S9_real_us&quot;,
  &quot;databaseEnabled&quot;: false,
  &quot;se:cdp&quot;: &quot;ws://172.48.10.4:4444/session/ade78195-f9c4-4ec6-8ba9-54bfdbefa86d/se/cdp&quot;,
  &quot;testobject_test_report_api_url&quot;: &quot;https://***.*********.com/v1/rdc/jobs/47c981acbb214933a114c8aab0ac7a51&quot;,
  &quot;locationContextEnabled&quot;: false,
  &quot;***:chromeOptions&quot;: {
    &quot;androidDevToolsPort&quot;: 22311
  },
  &quot;deviceModel&quot;: &quot;SM-X710&quot;,
  &quot;chromeOptions&quot;: {
    &quot;w3c&quot;: true
  }
}</property>
</record>
<record>
  <date>2023-12-29T00:10:18</date>
  <millis>1703788818135</millis>
  <sequence>22</sequence>
  <level>RUN_DATA</level>
  <class>com.kms.katalon.core.logging.XmlKeywordLogger</class>
  <method>logMessage</method>
  <thread>1</thread>
  <message>sessionId = ade78195-f9c4-4ec6-8ba9-54bfdbefa86d</message>
  <nestedLevel>1</nestedLevel>
  <escapedJava>false</escapedJava>
  <property name="sessionId">ade78195-f9c4-4ec6-8ba9-54bfdbefa86d</property>
</record>
<record>
  <date>2023-12-29T00:10:18</date>
  <millis>1703788818994</millis>
  <sequence>23</sequence>
  <level>RUN_DATA</level>
  <class>com.kms.katalon.core.logging.XmlKeywordLogger</class>
  <method>logMessage</method>
  <thread>1</thread>
  <message>browser = Chrome 120.0.0.0</message>
  <nestedLevel>1</nestedLevel>
  <escapedJava>false</escapedJava>
  <property name="browser">Chrome 120.0.0.0</property>
</record>
<record>
  <date>2023-12-29T00:10:18</date>
  <millis>1703788818995</millis>
  <sequence>24</sequence>
  <level>RUN_DATA</level>
  <class>com.kms.katalon.core.logging.XmlKeywordLogger</class>
  <method>logMessage</method>
  <thread>1</thread>
  <message>platform = Windows 10</message>
  <nestedLevel>1</nestedLevel>
  <escapedJava>false</escapedJava>
  <property name="platform">Windows 10</property>
</record>
<record>
  <date>2023-12-29T00:10:18</date>
  <millis>1703788818996</millis>
  <sequence>25</sequence>
  <level>RUN_DATA</level>
  <class>com.kms.katalon.core.logging.XmlKeywordLogger</class>
  <method>logMessage</method>
  <thread>1</thread>
  <message>seleniumVersion = 3.141.59</message>
  <nestedLevel>1</nestedLevel>
  <escapedJava>false</escapedJava>
  <property name="seleniumVersion">3.141.59</property>
</record>
<record>
  <date>2023-12-29T00:10:18</date>
  <millis>1703788818997</millis>
  <sequence>26</sequence>
  <level>RUN_DATA</level>
  <class>com.kms.katalon.core.logging.XmlKeywordLogger</class>
  <method>logMessage</method>
  <thread>1</thread>
  <message>proxyInformation = ProxyInformation { proxyOption=NO_PROXY, proxyServerType=HTTP, username=, password=********, proxyServerAddress=, proxyServerPort=0, executionList=&amp;quot;&amp;quot;, isApplyToDesiredCapabilities=true }</message>
  <nestedLevel>1</nestedLevel>
  <escapedJava>false</escapedJava>
  <property name="proxyInformation">ProxyInformation { proxyOption=NO_PROXY, proxyServerType=HTTP, username=, password=********, proxyServerAddress=, proxyServerPort=0, executionList=&quot;&quot;, isApplyToDesiredCapabilities=true }</property>
</record>
<record>
  <date>2023-12-29T00:10:22</date>
  <millis>1703788822509</millis>
  <sequence>28</sequence>
  <level>PASSED</level>
  <class>com.kms.katalon.core.logging.XmlKeywordLogger</class>
  <method>logMessage</method>
  <thread>1</thread>
  <message>Browser is opened with url: &amp;apos;https://katalon-demo-cura.herokuapp.com/&amp;apos;</message>
  <nestedLevel>1</nestedLevel>
  <escapedJava>false</escapedJava>
  <property name="testops-method-name">com.kms.katalon.core.webui.keyword.builtin.OpenBrowserKeyword.openBrowser</property>
  <property name="testops-execution-stacktrace"></property>
</record>
<record>
  <date>2023-12-29T00:10:22</date>
  <millis>1703788822510</millis>
  <sequence>29</sequence>
  <level>END</level>
  <class>com.kms.katalon.core.logging.XmlKeywordLogger</class>
  <method>endKeyword</method>
  <thread>1</thread>
  <message>End action : openBrowser(&amp;quot;https://katalon-demo-cura.herokuapp.com/&amp;quot;)</message>
  <nestedLevel>1</nestedLevel>
  <escapedJava>false</escapedJava>
</record>
<record>
  <date>2023-12-29T00:10:22</date>
  <millis>1703788822510</millis>
  <sequence>30</sequence>
  <level>START</level>
  <class>com.kms.katalon.core.logging.XmlKeywordLogger</class>
  <method>startKeyword</method>
  <thread>1</thread>
  <message>Start action : maximizeWindow()</message>
  <nestedLevel>1</nestedLevel>
  <escapedJava>false</escapedJava>
  <property name="startLine">23</property>
  <property name="stepIndex">2</property>
</record>
<record>
  <date>2023-12-29T00:10:23</date>
  <millis>1703788823242</millis>
  <sequence>32</sequence>
  <level>PASSED</level>
  <class>com.kms.katalon.core.logging.XmlKeywordLogger</class>
  <method>logMessage</method>
  <thread>1</thread>
  <message>Current window maximized</message>
  <nestedLevel>1</nestedLevel>
  <escapedJava>false</escapedJava>
  <property name="testops-method-name">com.kms.katalon.core.webui.keyword.builtin.MaximizeWindowKeyword.maximizeWindow</property>
  <property name="testops-execution-stacktrace"></property>
</record>
<record>
  <date>2023-12-29T00:10:23</date>
  <millis>1703788823245</millis>
  <sequence>33</sequence>
  <level>END</level>
  <class>com.kms.katalon.core.logging.XmlKeywordLogger</class>
  <method>endKeyword</method>
  <thread>1</thread>
  <message>End action : maximizeWindow()</message>
  <nestedLevel>1</nestedLevel>
  <escapedJava>false</escapedJava>
</record>
<record>
  <date>2023-12-29T00:10:23</date>
  <millis>1703788823245</millis>
  <sequence>34</sequence>
  <level>START</level>
  <class>com.kms.katalon.core.logging.XmlKeywordLogger</class>
  <method>startKeyword</method>
  <thread>1</thread>
  <message>Start action : delay(3)</message>
  <nestedLevel>1</nestedLevel>
  <escapedJava>false</escapedJava>
  <property name="startLine">25</property>
  <property name="stepIndex">3</property>
</record>
<record>
  <date>2023-12-29T00:10:26</date>
  <millis>1703788826282</millis>
  <sequence>36</sequence>
  <level>PASSED</level>
  <class>com.kms.katalon.core.logging.XmlKeywordLogger</class>
  <method>logMessage</method>
  <thread>1</thread>
  <message>Delayed 3 second(s)</message>
  <nestedLevel>1</nestedLevel>
  <escapedJava>false</escapedJava>
  <property name="testops-method-name">com.kms.katalon.core.keyword.builtin.DelayKeyword.delay</property>
  <property name="testops-execution-stacktrace"></property>
</record>
<record>
  <date>2023-12-29T00:10:26</date>
  <millis>1703788826284</millis>
  <sequence>37</sequence>
  <level>END</level>
  <class>com.kms.katalon.core.logging.XmlKeywordLogger</class>
  <method>endKeyword</method>
  <thread>1</thread>
  <message>End action : delay(3)</message>
  <nestedLevel>1</nestedLevel>
  <escapedJava>false</escapedJava>
</record>
<record>
  <date>2023-12-29T00:10:26</date>
  <millis>1703788826284</millis>
  <sequence>38</sequence>
  <level>START</level>
  <class>com.kms.katalon.core.logging.XmlKeywordLogger</class>
  <method>startKeyword</method>
  <thread>1</thread>
  <message>Start action : refresh()</message>
  <nestedLevel>1</nestedLevel>
  <escapedJava>false</escapedJava>
  <property name="startLine">27</property>
  <property name="stepIndex">4</property>
</record>
<record>
  <date>2023-12-29T00:10:27</date>
  <millis>1703788827156</millis>
  <sequence>40</sequence>
  <level>PASSED</level>
  <class>com.kms.katalon.core.logging.XmlKeywordLogger</class>
  <method>logMessage</method>
  <thread>1</thread>
  <message>Refresh successfully</message>
  <nestedLevel>1</nestedLevel>
  <escapedJava>false</escapedJava>
  <property name="testops-method-name">com.kms.katalon.core.webui.keyword.builtin.RefreshKeyword.refresh</property>
  <property name="testops-execution-stacktrace"></property>
</record>
<record>
  <date>2023-12-29T00:10:27</date>
  <millis>1703788827157</millis>
  <sequence>41</sequence>
  <level>END</level>
  <class>com.kms.katalon.core.logging.XmlKeywordLogger</class>
  <method>endKeyword</method>
  <thread>1</thread>
  <message>End action : refresh()</message>
  <nestedLevel>1</nestedLevel>
  <escapedJava>false</escapedJava>
</record>
<record>
  <date>2023-12-29T00:10:27</date>
  <millis>1703788827157</millis>
  <sequence>42</sequence>
  <level>START</level>
  <class>com.kms.katalon.core.logging.XmlKeywordLogger</class>
  <method>startKeyword</method>
  <thread>1</thread>
  <message>Start action : delay(3)</message>
  <nestedLevel>1</nestedLevel>
  <escapedJava>false</escapedJava>
  <property name="startLine">29</property>
  <property name="stepIndex">5</property>
</record>
<record>
  <date>2023-12-29T00:10:30</date>
  <millis>1703788830163</millis>
  <sequence>44</sequence>
  <level>PASSED</level>
  <class>com.kms.katalon.core.logging.XmlKeywordLogger</class>
  <method>logMessage</method>
  <thread>1</thread>
  <message>Delayed 3 second(s)</message>
  <nestedLevel>1</nestedLevel>
  <escapedJava>false</escapedJava>
  <property name="testops-method-name">com.kms.katalon.core.keyword.builtin.DelayKeyword.delay</property>
  <property name="testops-execution-stacktrace"></property>
</record>
<record>
  <date>2023-12-29T00:10:30</date>
  <millis>1703788830164</millis>
  <sequence>45</sequence>
  <level>END</level>
  <class>com.kms.katalon.core.logging.XmlKeywordLogger</class>
  <method>endKeyword</method>
  <thread>1</thread>
  <message>End action : delay(3)</message>
  <nestedLevel>1</nestedLevel>
  <escapedJava>false</escapedJava>
</record>
<record>
  <date>2023-12-29T00:10:30</date>
  <millis>1703788830165</millis>
  <sequence>46</sequence>
  <level>START</level>
  <class>com.kms.katalon.core.logging.XmlKeywordLogger</class>
  <method>startKeyword</method>
  <thread>1</thread>
  <message>Start action : click(findTestObject(&amp;quot;Page_CURA Healthcare Service/a_Make Appointment&amp;quot;))</message>
  <nestedLevel>1</nestedLevel>
  <escapedJava>false</escapedJava>
  <property name="startLine">31</property>
  <property name="stepIndex">6</property>
</record>
<record>
  <date>2023-12-29T00:10:33</date>
  <millis>1703788833241</millis>
  <sequence>56</sequence>
  <level>PASSED</level>
  <class>com.kms.katalon.core.logging.XmlKeywordLogger</class>
  <method>logMessage</method>
  <thread>1</thread>
  <message>Object: &amp;apos;Object Repository/Page_CURA Healthcare Service/a_Make Appointment&amp;apos; is clicked on</message>
  <nestedLevel>1</nestedLevel>
  <escapedJava>false</escapedJava>
  <property name="testops-method-name">com.kms.katalon.core.webui.keyword.builtin.ClickKeyword.click</property>
  <property name="testops-execution-stacktrace"></property>
</record>
<record>
  <date>2023-12-29T00:10:33</date>
  <millis>1703788833244</millis>
  <sequence>57</sequence>
  <level>END</level>
  <class>com.kms.katalon.core.logging.XmlKeywordLogger</class>
  <method>endKeyword</method>
  <thread>1</thread>
  <message>End action : click(findTestObject(&amp;quot;Page_CURA Healthcare Service/a_Make Appointment&amp;quot;))</message>
  <nestedLevel>1</nestedLevel>
  <escapedJava>false</escapedJava>
</record>
<record>
  <date>2023-12-29T00:10:33</date>
  <millis>1703788833245</millis>
  <sequence>58</sequence>
  <level>START</level>
  <class>com.kms.katalon.core.logging.XmlKeywordLogger</class>
  <method>startKeyword</method>
  <thread>1</thread>
  <message>Start action : delay(3)</message>
  <nestedLevel>1</nestedLevel>
  <escapedJava>false</escapedJava>
  <property name="startLine">33</property>
  <property name="stepIndex">7</property>
</record>
<record>
  <date>2023-12-29T00:10:36</date>
  <millis>1703788836251</millis>
  <sequence>60</sequence>
  <level>PASSED</level>
  <class>com.kms.katalon.core.logging.XmlKeywordLogger</class>
  <method>logMessage</method>
  <thread>1</thread>
  <message>Delayed 3 second(s)</message>
  <nestedLevel>1</nestedLevel>
  <escapedJava>false</escapedJava>
  <property name="testops-method-name">com.kms.katalon.core.keyword.builtin.DelayKeyword.delay</property>
  <property name="testops-execution-stacktrace"></property>
</record>
<record>
  <date>2023-12-29T00:10:36</date>
  <millis>1703788836252</millis>
  <sequence>61</sequence>
  <level>END</level>
  <class>com.kms.katalon.core.logging.XmlKeywordLogger</class>
  <method>endKeyword</method>
  <thread>1</thread>
  <message>End action : delay(3)</message>
  <nestedLevel>1</nestedLevel>
  <escapedJava>false</escapedJava>
</record>
<record>
  <date>2023-12-29T00:10:36</date>
  <millis>1703788836252</millis>
  <sequence>62</sequence>
  <level>START</level>
  <class>com.kms.katalon.core.logging.XmlKeywordLogger</class>
  <method>startKeyword</method>
  <thread>1</thread>
  <message>Start action : back()</message>
  <nestedLevel>1</nestedLevel>
  <escapedJava>false</escapedJava>
  <property name="startLine">35</property>
  <property name="stepIndex">8</property>
</record>
<record>
  <date>2023-12-29T00:10:37</date>
  <millis>1703788837275</millis>
  <sequence>64</sequence>
  <level>PASSED</level>
  <class>com.kms.katalon.core.logging.XmlKeywordLogger</class>
  <method>logMessage</method>
  <thread>1</thread>
  <message>Navigate back successfully</message>
  <nestedLevel>1</nestedLevel>
  <escapedJava>false</escapedJava>
  <property name="testops-method-name">com.kms.katalon.core.webui.keyword.builtin.BackKeyword.back</property>
  <property name="testops-execution-stacktrace"></property>
</record>
<record>
  <date>2023-12-29T00:10:37</date>
  <millis>1703788837277</millis>
  <sequence>65</sequence>
  <level>END</level>
  <class>com.kms.katalon.core.logging.XmlKeywordLogger</class>
  <method>endKeyword</method>
  <thread>1</thread>
  <message>End action : back()</message>
  <nestedLevel>1</nestedLevel>
  <escapedJava>false</escapedJava>
</record>
<record>
  <date>2023-12-29T00:10:37</date>
  <millis>1703788837277</millis>
  <sequence>66</sequence>
  <level>START</level>
  <class>com.kms.katalon.core.logging.XmlKeywordLogger</class>
  <method>startKeyword</method>
  <thread>1</thread>
  <message>Start action : delay(3)</message>
  <nestedLevel>1</nestedLevel>
  <escapedJava>false</escapedJava>
  <property name="startLine">37</property>
  <property name="stepIndex">9</property>
</record>
<record>
  <date>2023-12-29T00:10:40</date>
  <millis>1703788840296</millis>
  <sequence>68</sequence>
  <level>PASSED</level>
  <class>com.kms.katalon.core.logging.XmlKeywordLogger</class>
  <method>logMessage</method>
  <thread>1</thread>
  <message>Delayed 3 second(s)</message>
  <nestedLevel>1</nestedLevel>
  <escapedJava>false</escapedJava>
  <property name="testops-method-name">com.kms.katalon.core.keyword.builtin.DelayKeyword.delay</property>
  <property name="testops-execution-stacktrace"></property>
</record>
<record>
  <date>2023-12-29T00:10:40</date>
  <millis>1703788840297</millis>
  <sequence>69</sequence>
  <level>END</level>
  <class>com.kms.katalon.core.logging.XmlKeywordLogger</class>
  <method>endKeyword</method>
  <thread>1</thread>
  <message>End action : delay(3)</message>
  <nestedLevel>1</nestedLevel>
  <escapedJava>false</escapedJava>
</record>
<record>
  <date>2023-12-29T00:10:40</date>
  <millis>1703788840298</millis>
  <sequence>70</sequence>
  <level>START</level>
  <class>com.kms.katalon.core.logging.XmlKeywordLogger</class>
  <method>startKeyword</method>
  <thread>1</thread>
  <message>Start action : forward()</message>
  <nestedLevel>1</nestedLevel>
  <escapedJava>false</escapedJava>
  <property name="startLine">39</property>
  <property name="stepIndex">10</property>
</record>
<record>
  <date>2023-12-29T00:10:41</date>
  <millis>1703788841364</millis>
  <sequence>72</sequence>
  <level>PASSED</level>
  <class>com.kms.katalon.core.logging.XmlKeywordLogger</class>
  <method>logMessage</method>
  <thread>1</thread>
  <message>Navigate forward successfully</message>
  <nestedLevel>1</nestedLevel>
  <escapedJava>false</escapedJava>
  <property name="testops-method-name">com.kms.katalon.core.webui.keyword.builtin.ForwardKeyword.forward</property>
  <property name="testops-execution-stacktrace"></property>
</record>
<record>
  <date>2023-12-29T00:10:41</date>
  <millis>1703788841367</millis>
  <sequence>73</sequence>
  <level>END</level>
  <class>com.kms.katalon.core.logging.XmlKeywordLogger</class>
  <method>endKeyword</method>
  <thread>1</thread>
  <message>End action : forward()</message>
  <nestedLevel>1</nestedLevel>
  <escapedJava>false</escapedJava>
</record>
<record>
  <date>2023-12-29T00:10:41</date>
  <millis>1703788841367</millis>
  <sequence>74</sequence>
  <level>START</level>
  <class>com.kms.katalon.core.logging.XmlKeywordLogger</class>
  <method>startKeyword</method>
  <thread>1</thread>
  <message>Start action : delay(2)</message>
  <nestedLevel>1</nestedLevel>
  <escapedJava>false</escapedJava>
  <property name="startLine">41</property>
  <property name="stepIndex">11</property>
</record>
<record>
  <date>2023-12-29T00:10:43</date>
  <millis>1703788843384</millis>
  <sequence>76</sequence>
  <level>PASSED</level>
  <class>com.kms.katalon.core.logging.XmlKeywordLogger</class>
  <method>logMessage</method>
  <thread>1</thread>
  <message>Delayed 2 second(s)</message>
  <nestedLevel>1</nestedLevel>
  <escapedJava>false</escapedJava>
  <property name="testops-method-name">com.kms.katalon.core.keyword.builtin.DelayKeyword.delay</property>
  <property name="testops-execution-stacktrace"></property>
</record>
<record>
  <date>2023-12-29T00:10:43</date>
  <millis>1703788843387</millis>
  <sequence>77</sequence>
  <level>END</level>
  <class>com.kms.katalon.core.logging.XmlKeywordLogger</class>
  <method>endKeyword</method>
  <thread>1</thread>
  <message>End action : delay(2)</message>
  <nestedLevel>1</nestedLevel>
  <escapedJava>false</escapedJava>
</record>
<record>
  <date>2023-12-29T00:10:43</date>
  <millis>1703788843387</millis>
  <sequence>78</sequence>
  <level>START</level>
  <class>com.kms.katalon.core.logging.XmlKeywordLogger</class>
  <method>startKeyword</method>
  <thread>1</thread>
  <message>Start action : closeBrowser()</message>
  <nestedLevel>1</nestedLevel>
  <escapedJava>false</escapedJava>
  <property name="startLine">43</property>
  <property name="stepIndex">12</property>
</record>
<record>
  <date>2023-12-29T00:10:44</date>
  <millis>1703788844929</millis>
  <sequence>80</sequence>
  <level>PASSED</level>
  <class>com.kms.katalon.core.logging.XmlKeywordLogger</class>
  <method>logMessage</method>
  <thread>1</thread>
  <message>Browser is closed</message>
  <nestedLevel>1</nestedLevel>
  <escapedJava>false</escapedJava>
  <property name="testops-method-name">com.kms.katalon.core.webui.keyword.builtin.CloseBrowserKeyword.closeBrowser</property>
  <property name="testops-execution-stacktrace"></property>
</record>
<record>
  <date>2023-12-29T00:10:44</date>
  <millis>1703788844929</millis>
  <sequence>81</sequence>
  <level>END</level>
  <class>com.kms.katalon.core.logging.XmlKeywordLogger</class>
  <method>endKeyword</method>
  <thread>1</thread>
  <message>End action : closeBrowser()</message>
  <nestedLevel>1</nestedLevel>
  <escapedJava>false</escapedJava>
</record>
<record>
  <date>2023-12-29T00:10:44</date>
  <millis>1703788844930</millis>
  <sequence>82</sequence>
  <level>PASSED</level>
  <class>com.kms.katalon.core.logging.XmlKeywordLogger</class>
  <method>logMessage</method>
  <thread>1</thread>
  <message>Test Cases/Browser Operations in Katalon/TC_001 -Basic browser operations</message>
  <nestedLevel>1</nestedLevel>
  <escapedJava>false</escapedJava>
</record>
<record>
  <date>2023-12-29T00:10:44</date>
  <millis>1703788844931</millis>
  <sequence>83</sequence>
  <level>END</level>
  <class>com.kms.katalon.core.logging.XmlKeywordLogger</class>
  <method>endTest</method>
  <thread>1</thread>
  <message>End Test Case : Test Cases/Browser Operations in Katalon/TC_001 -Basic browser operations</message>
  <nestedLevel>0</nestedLevel>
  <escapedJava>false</escapedJava>
  <property name="executionBindingVariables">[]</property>
  <property name="applitools">false</property>
  <property name="remainingRetryCount">3</property>
  <property name="currentRetryCount">0</property>
  <property name="keywordsUsage">{
  &quot;web_ui&quot;: true,
  &quot;web_service&quot;: false,
  &quot;cucumber&quot;: false,
  &quot;builtin&quot;: true,
  &quot;mobile&quot;: false,
  &quot;windows&quot;: false,
  &quot;testng&quot;: false
}</property>
</record>
<record>
  <date>2023-12-29T00:10:44</date>
  <millis>1703788844935</millis>
  <sequence>84</sequence>
  <level>START</level>
  <class>com.kms.katalon.core.logging.XmlKeywordLogger</class>
  <method>startKeyword</method>
  <thread>1</thread>
  <message>Start listener action : exportKatalonReports</message>
  <nestedLevel>0</nestedLevel>
  <escapedJava>false</escapedJava>
</record>
<record>
  <date>2023-12-29T00:10:45</date>
  <millis>1703788845252</millis>
  <sequence>210</sequence>
  <level>INFO</level>
  <class>com.kms.katalon.core.logging.XmlKeywordLogger</class>
  <method>logMessage</method>
  <thread>1</thread>
  <message>Start generating HTML report folder at: C:\Users\KalpanaKukreja\Documents\Katalon Courses\Browser operations in Katalon\Katalon Automation Courses\Reports\20231229_000641\Basic browser operations\20231229_000647...</message>
  <nestedLevel>0</nestedLevel>
  <escapedJava>false</escapedJava>
</record>
<record>
  <date>2023-12-29T00:10:45</date>
  <millis>1703788845727</millis>
  <sequence>211</sequence>
  <level>INFO</level>
  <class>com.kms.katalon.core.logging.XmlKeywordLogger</class>
  <method>logMessage</method>
  <thread>1</thread>
  <message>HTML report generated</message>
  <nestedLevel>0</nestedLevel>
  <escapedJava>false</escapedJava>
</record>
<record>
  <date>2023-12-29T00:10:45</date>
  <millis>1703788845728</millis>
  <sequence>212</sequence>
  <level>INFO</level>
  <class>com.kms.katalon.core.logging.XmlKeywordLogger</class>
  <method>logMessage</method>
  <thread>1</thread>
  <message>Start generating CSV report folder at: C:\Users\KalpanaKukreja\Documents\Katalon Courses\Browser operations in Katalon\Katalon Automation Courses\Reports\20231229_000641\Basic browser operations\20231229_000647...</message>
  <nestedLevel>0</nestedLevel>
  <escapedJava>false</escapedJava>
</record>
<record>
  <date>2023-12-29T00:10:45</date>
  <millis>1703788845753</millis>
  <sequence>213</sequence>
  <level>INFO</level>
  <class>com.kms.katalon.core.logging.XmlKeywordLogger</class>
  <method>logMessage</method>
  <thread>1</thread>
  <message>CSV report generated</message>
  <nestedLevel>0</nestedLevel>
  <escapedJava>false</escapedJava>
</record>
<record>
  <date>2023-12-29T00:10:46</date>
  <millis>1703788846201</millis>
  <sequence>215</sequence>
  <level>END</level>
  <class>com.kms.katalon.core.logging.XmlKeywordLogger</class>
  <method>endKeyword</method>
  <thread>1</thread>
  <message>End listener action : exportKatalonReports</message>
  <nestedLevel>0</nestedLevel>
  <escapedJava>false</escapedJava>
</record>
<record>
  <date>2023-12-29T00:10:46</date>
  <millis>1703788846267</millis>
  <sequence>216</sequence>
  <level>END</level>
  <class>com.kms.katalon.core.logging.XmlKeywordLogger</class>
  <method>endSuite</method>
  <thread>1</thread>
  <message>End Test Suite : Test Suites/Basic browser operations</message>
  <nestedLevel>0</nestedLevel>
  <escapedJava>false</escapedJava>
</record>
</log>