<?xml version="1.0" encoding="UTF-8" standalone="no"?>
<!DOCTYPE log SYSTEM "logger.dtd">
<log>
<record>
  <date>2023-12-29T00:06:58</date>
  <millis>1703788618681</millis>
  <sequence>0</sequence>
  <level>START</level>
  <class>com.kms.katalon.core.logging.XmlKeywordLogger</class>
  <method>startSuite</method>
  <thread>1</thread>
  <message>Start Test Suite : Test Suites/Basic browser operations</message>
  <nestedLevel>0</nestedLevel>
  <escapedJava>false</escapedJava>
  <property name="rerunTestFailImmediately">true</property>
  <property name="retryCount">3</property>
  <property name="name">Basic browser operations</property>
  <property name="description"></property>
  <property name="id">Test Suites/Basic browser operations</property>
</record>
<record>
  <date>2023-12-29T00:06:58</date>
  <millis>1703788618700</millis>
  <sequence>1</sequence>
  <level>RUN_DATA</level>
  <class>com.kms.katalon.core.logging.XmlKeywordLogger</class>
  <method>logMessage</method>
  <thread>1</thread>
  <message>hostName = KalpanaKukreja - RC-IND-4BYDRG3</message>
  <nestedLevel>0</nestedLevel>
  <escapedJava>false</escapedJava>
  <property name="hostName">KalpanaKukreja - RC-IND-4BYDRG3</property>
</record>
<record>
  <date>2023-12-29T00:06:58</date>
  <millis>1703788618701</millis>
  <sequence>2</sequence>
  <level>RUN_DATA</level>
  <class>com.kms.katalon.core.logging.XmlKeywordLogger</class>
  <method>logMessage</method>
  <thread>1</thread>
  <message>os = Windows 10 64bit</message>
  <nestedLevel>0</nestedLevel>
  <escapedJava>false</escapedJava>
  <property name="os">Windows 10 64bit</property>
</record>
<record>
  <date>2023-12-29T00:06:58</date>
  <millis>1703788618701</millis>
  <sequence>3</sequence>
  <level>RUN_DATA</level>
  <class>com.kms.katalon.core.logging.XmlKeywordLogger</class>
  <method>logMessage</method>
  <thread>1</thread>
  <message>hostAddress = 192.168.0.221</message>
  <nestedLevel>0</nestedLevel>
  <escapedJava>false</escapedJava>
  <property name="hostAddress">192.168.0.221</property>
</record>
<record>
  <date>2023-12-29T00:06:58</date>
  <millis>1703788618702</millis>
  <sequence>4</sequence>
  <level>RUN_DATA</level>
  <class>com.kms.katalon.core.logging.XmlKeywordLogger</class>
  <method>logMessage</method>
  <thread>1</thread>
  <message>katalonVersion = 8.6.8.208</message>
  <nestedLevel>0</nestedLevel>
  <escapedJava>false</escapedJava>
  <property name="katalonVersion">8.6.8.208</property>
</record>
<record>
  <date>2023-12-29T00:06:58</date>
  <millis>1703788618953</millis>
  <sequence>5</sequence>
  <level>START</level>
  <class>com.kms.katalon.core.logging.XmlKeywordLogger</class>
  <method>startTest</method>
  <thread>1</thread>
  <message>Start Test Case : Test Cases/Browser Operations in Katalon/TC_001 -Basic browser operations</message>
  <nestedLevel>1</nestedLevel>
  <escapedJava>false</escapedJava>
  <property name="remainingRetryCount">3</property>
  <property name="name">Test Cases/Browser Operations in Katalon/TC_001 -Basic browser operations</property>
  <property name="description"></property>
  <property name="iteration"></property>
  <property name="id">Test Cases/Browser Operations in Katalon/TC_001 -Basic browser operations</property>
  <property name="source">C:\Users\KalpanaKukreja\Documents\Katalon Courses\Browser operations in Katalon\Katalon Automation Courses\Test Cases\Browser Operations in Katalon\TC_001 -Basic browser operations.tc</property>
  <property name="tag"></property>
  <property name="isOptional">false</property>
  <property name="currentRetryCount">0</property>
</record>
<record>
  <date>2023-12-29T00:06:59</date>
  <millis>1703788619373</millis>
  <sequence>7</sequence>
  <level>START</level>
  <class>com.kms.katalon.core.logging.XmlKeywordLogger</class>
  <method>startKeyword</method>
  <thread>1</thread>
  <message>Start action : openBrowser(&amp;quot;https://katalon-demo-cura.herokuapp.com/&amp;quot;)</message>
  <nestedLevel>1</nestedLevel>
  <escapedJava>false</escapedJava>
  <property name="startLine">20</property>
  <property name="stepIndex">1</property>
</record>
<record>
  <date>2023-12-29T00:06:59</date>
  <millis>1703788619685</millis>
  <sequence>9</sequence>
  <level>INFO</level>
  <class>com.kms.katalon.core.logging.XmlKeywordLogger</class>
  <method>logMessage</method>
  <thread>1</thread>
  <message>User set preference: [&amp;apos;os&amp;apos;, &amp;apos;windows&amp;apos;]</message>
  <nestedLevel>1</nestedLevel>
  <escapedJava>false</escapedJava>
</record>
<record>
  <date>2023-12-29T00:06:59</date>
  <millis>1703788619685</millis>
  <sequence>10</sequence>
  <level>INFO</level>
  <class>com.kms.katalon.core.logging.XmlKeywordLogger</class>
  <method>logMessage</method>
  <thread>1</thread>
  <message>User set preference: [&amp;apos;browserName&amp;apos;, &amp;apos;chrome&amp;apos;]</message>
  <nestedLevel>1</nestedLevel>
  <escapedJava>false</escapedJava>
</record>
<record>
  <date>2023-12-29T00:06:59</date>
  <millis>1703788619686</millis>
  <sequence>11</sequence>
  <level>INFO</level>
  <class>com.kms.katalon.core.logging.XmlKeywordLogger</class>
  <method>logMessage</method>
  <thread>1</thread>
  <message>User set preference: [&amp;apos;browserVersion&amp;apos;, &amp;apos;117&amp;apos;]</message>
  <nestedLevel>1</nestedLevel>
  <escapedJava>false</escapedJava>
</record>
<record>
  <date>2023-12-29T00:06:59</date>
  <millis>1703788619686</millis>
  <sequence>12</sequence>
  <level>INFO</level>
  <class>com.kms.katalon.core.logging.XmlKeywordLogger</class>
  <method>logMessage</method>
  <thread>1</thread>
  <message>User set preference: [&amp;apos;katalon:option&amp;apos;, &amp;apos;{organizationId=167916, tunnelId=, usingTunnel=false}&amp;apos;]</message>
  <nestedLevel>1</nestedLevel>
  <escapedJava>false</escapedJava>
</record>
<record>
  <date>2023-12-29T00:06:59</date>
  <millis>1703788619698</millis>
  <sequence>13</sequence>
  <level>INFO</level>
  <class>com.kms.katalon.core.logging.XmlKeywordLogger</class>
  <method>logMessage</method>
  <thread>1</thread>
  <message>Connecting to remote web server &amp;apos;testcloud.katalon.com/hub&amp;apos; with type &amp;apos;Selenium&amp;apos;</message>
  <nestedLevel>1</nestedLevel>
  <escapedJava>false</escapedJava>
</record>
<record>
  <date>2023-12-29T00:07:00</date>
  <millis>1703788620190</millis>
  <sequence>14</sequence>
  <level>INFO</level>
  <class>com.kms.katalon.core.logging.XmlKeywordLogger</class>
  <method>logMessage</method>
  <thread>1</thread>
  <message>Action delay is set to 0 milliseconds</message>
  <nestedLevel>1</nestedLevel>
  <escapedJava>false</escapedJava>
</record>
<record>
  <date>2023-12-29T00:07:25</date>
  <millis>1703788645258</millis>
  <sequence>16</sequence>
  <level>RUN_DATA</level>
  <class>com.kms.katalon.core.logging.XmlKeywordLogger</class>
  <method>logMessage</method>
  <thread>1</thread>
  <message>remoteDriverUrl = testcloud.katalon.com/hub</message>
  <nestedLevel>1</nestedLevel>
  <escapedJava>false</escapedJava>
  <property name="remoteDriverUrl">testcloud.katalon.com/hub</property>
</record>
<record>
  <date>2023-12-29T00:07:25</date>
  <millis>1703788645259</millis>
  <sequence>17</sequence>
  <level>RUN_DATA</level>
  <class>com.kms.katalon.core.logging.XmlKeywordLogger</class>
  <method>logMessage</method>
  <thread>1</thread>
  <message>remoteOS = Windows</message>
  <nestedLevel>1</nestedLevel>
  <escapedJava>false</escapedJava>
  <property name="remoteOS">Windows</property>
</record>
<record>
  <date>2023-12-29T00:07:25</date>
  <millis>1703788645274</millis>
  <sequence>18</sequence>
  <level>RUN_DATA</level>
  <class>com.kms.katalon.core.logging.XmlKeywordLogger</class>
  <method>logMessage</method>
  <thread>1</thread>
  <message>desiredCapabilities = {
  &amp;quot;timeouts&amp;quot;: {
    &amp;quot;implicit&amp;quot;: 0,
    &amp;quot;pageLoad&amp;quot;: 300000,
    &amp;quot;script&amp;quot;: 30000
  },
  &amp;quot;platform&amp;quot;: &amp;quot;WINDOWS&amp;quot;,
  &amp;quot;goog:chromeOptions&amp;quot;: {
    &amp;quot;debuggerAddress&amp;quot;: &amp;quot;localhost:62865&amp;quot;
  },
  &amp;quot;requestId&amp;quot;: &amp;quot;35906b6f-8a3b-4046-8abf-aaa039eee78e&amp;quot;,
  &amp;quot;webauthn:extension:credBlob&amp;quot;: true,
  &amp;quot;acceptInsecureCerts&amp;quot;: false,
  &amp;quot;browserVersion&amp;quot;: &amp;quot;117.0.0.0&amp;quot;,
  &amp;quot;fedcm:accounts&amp;quot;: true,
  &amp;quot;browserName&amp;quot;: &amp;quot;chrome&amp;quot;,
  &amp;quot;javascriptEnabled&amp;quot;: true,
  &amp;quot;katalon:option&amp;quot;: {
    &amp;quot;unlimitedExecutionMinutes&amp;quot;: true,
    &amp;quot;userId&amp;quot;: 579468,
    &amp;quot;organizationId&amp;quot;: &amp;quot;167916&amp;quot;,
    &amp;quot;class&amp;quot;: &amp;quot;com.katalon.testcloud.grid.common.tunnel.domain.UserOptionCapability&amp;quot;,
    &amp;quot;runFromTestCloud&amp;quot;: true,
    &amp;quot;usingTunnel&amp;quot;: false
  },
  &amp;quot;platformName&amp;quot;: &amp;quot;WINDOWS&amp;quot;,
  &amp;quot;setWindowRect&amp;quot;: true,
  &amp;quot;webauthn:extension:largeBlob&amp;quot;: true,
  &amp;quot;networkConnectionEnabled&amp;quot;: false,
  &amp;quot;chrome&amp;quot;: {
    &amp;quot;chromedriverVersion&amp;quot;: &amp;quot;117.0.5938.22 (23382a5a87b8063d9189c9a52564d2b0edc76e1c-refs/branch-heads/5938@{#447})&amp;quot;,
    &amp;quot;userDataDir&amp;quot;: &amp;quot;C:\\Program Files (x86)\\scoped_dir5592_1667916615&amp;quot;
  },
  &amp;quot;os&amp;quot;: &amp;quot;windows&amp;quot;,
  &amp;quot;pageLoadStrategy&amp;quot;: &amp;quot;normal&amp;quot;,
  &amp;quot;unhandledPromptBehavior&amp;quot;: &amp;quot;dismiss and notify&amp;quot;,
  &amp;quot;strictFileInteractability&amp;quot;: false,
  &amp;quot;***:loadExtension&amp;quot;: [
    &amp;quot;https://prod-magicleap-user-files-us-east-1-v1.s3.amazonaws.com/extensions/orgId-691279/SmartWait.zip&amp;quot;
  ],
  &amp;quot;version&amp;quot;: &amp;quot;117&amp;quot;,
  &amp;quot;se:cdp&amp;quot;: &amp;quot;ws://172.48.50.121:4444/session/98ddca863b909ccb6cfdf7f34e6d66ce/se/cdp&amp;quot;,
  &amp;quot;proxy&amp;quot;: {
    &amp;quot;proxyType&amp;quot;: &amp;quot;DIRECT&amp;quot;,
    &amp;quot;autodetect&amp;quot;: false
  },
  &amp;quot;webauthn:extension:minPinLength&amp;quot;: true,
  &amp;quot;webdriver.remote.sessionid&amp;quot;: &amp;quot;98ddca863b909ccb6cfdf7f34e6d66ce&amp;quot;,
  &amp;quot;webauthn:extension:prf&amp;quot;: true,
  &amp;quot;webauthn:virtualAuthenticators&amp;quot;: true
}</message>
  <nestedLevel>1</nestedLevel>
  <escapedJava>false</escapedJava>
  <property name="desiredCapabilities">{
  &quot;timeouts&quot;: {
    &quot;implicit&quot;: 0,
    &quot;pageLoad&quot;: 300000,
    &quot;script&quot;: 30000
  },
  &quot;platform&quot;: &quot;WINDOWS&quot;,
  &quot;goog:chromeOptions&quot;: {
    &quot;debuggerAddress&quot;: &quot;localhost:62865&quot;
  },
  &quot;requestId&quot;: &quot;35906b6f-8a3b-4046-8abf-aaa039eee78e&quot;,
  &quot;webauthn:extension:credBlob&quot;: true,
  &quot;acceptInsecureCerts&quot;: false,
  &quot;browserVersion&quot;: &quot;117.0.0.0&quot;,
  &quot;fedcm:accounts&quot;: true,
  &quot;browserName&quot;: &quot;chrome&quot;,
  &quot;javascriptEnabled&quot;: true,
  &quot;katalon:option&quot;: {
    &quot;unlimitedExecutionMinutes&quot;: true,
    &quot;userId&quot;: 579468,
    &quot;organizationId&quot;: &quot;167916&quot;,
    &quot;class&quot;: &quot;com.katalon.testcloud.grid.common.tunnel.domain.UserOptionCapability&quot;,
    &quot;runFromTestCloud&quot;: true,
    &quot;usingTunnel&quot;: false
  },
  &quot;platformName&quot;: &quot;WINDOWS&quot;,
  &quot;setWindowRect&quot;: true,
  &quot;webauthn:extension:largeBlob&quot;: true,
  &quot;networkConnectionEnabled&quot;: false,
  &quot;chrome&quot;: {
    &quot;chromedriverVersion&quot;: &quot;117.0.5938.22 (23382a5a87b8063d9189c9a52564d2b0edc76e1c-refs/branch-heads/5938@{#447})&quot;,
    &quot;userDataDir&quot;: &quot;C:\\Program Files (x86)\\scoped_dir5592_1667916615&quot;
  },
  &quot;os&quot;: &quot;windows&quot;,
  &quot;pageLoadStrategy&quot;: &quot;normal&quot;,
  &quot;unhandledPromptBehavior&quot;: &quot;dismiss and notify&quot;,
  &quot;strictFileInteractability&quot;: false,
  &quot;***:loadExtension&quot;: [
    &quot;https://prod-magicleap-user-files-us-east-1-v1.s3.amazonaws.com/extensions/orgId-691279/SmartWait.zip&quot;
  ],
  &quot;version&quot;: &quot;117&quot;,
  &quot;se:cdp&quot;: &quot;ws://172.48.50.121:4444/session/98ddca863b909ccb6cfdf7f34e6d66ce/se/cdp&quot;,
  &quot;proxy&quot;: {
    &quot;proxyType&quot;: &quot;DIRECT&quot;,
    &quot;autodetect&quot;: false
  },
  &quot;webauthn:extension:minPinLength&quot;: true,
  &quot;webdriver.remote.sessionid&quot;: &quot;98ddca863b909ccb6cfdf7f34e6d66ce&quot;,
  &quot;webauthn:extension:prf&quot;: true,
  &quot;webauthn:virtualAuthenticators&quot;: true
}</property>
</record>
<record>
  <date>2023-12-29T00:07:25</date>
  <millis>1703788645276</millis>
  <sequence>19</sequence>
  <level>RUN_DATA</level>
  <class>com.kms.katalon.core.logging.XmlKeywordLogger</class>
  <method>logMessage</method>
  <thread>1</thread>
  <message>sessionId = 98ddca863b909ccb6cfdf7f34e6d66ce</message>
  <nestedLevel>1</nestedLevel>
  <escapedJava>false</escapedJava>
  <property name="sessionId">98ddca863b909ccb6cfdf7f34e6d66ce</property>
</record>
<record>
  <date>2023-12-29T00:07:25</date>
  <millis>1703788645881</millis>
  <sequence>20</sequence>
  <level>RUN_DATA</level>
  <class>com.kms.katalon.core.logging.XmlKeywordLogger</class>
  <method>logMessage</method>
  <thread>1</thread>
  <message>browser = Chrome 117.0.0.0</message>
  <nestedLevel>1</nestedLevel>
  <escapedJava>false</escapedJava>
  <property name="browser">Chrome 117.0.0.0</property>
</record>
<record>
  <date>2023-12-29T00:07:25</date>
  <millis>1703788645882</millis>
  <sequence>21</sequence>
  <level>RUN_DATA</level>
  <class>com.kms.katalon.core.logging.XmlKeywordLogger</class>
  <method>logMessage</method>
  <thread>1</thread>
  <message>platform = Windows 10</message>
  <nestedLevel>1</nestedLevel>
  <escapedJava>false</escapedJava>
  <property name="platform">Windows 10</property>
</record>
<record>
  <date>2023-12-29T00:07:25</date>
  <millis>1703788645882</millis>
  <sequence>22</sequence>
  <level>RUN_DATA</level>
  <class>com.kms.katalon.core.logging.XmlKeywordLogger</class>
  <method>logMessage</method>
  <thread>1</thread>
  <message>seleniumVersion = 3.141.59</message>
  <nestedLevel>1</nestedLevel>
  <escapedJava>false</escapedJava>
  <property name="seleniumVersion">3.141.59</property>
</record>
<record>
  <date>2023-12-29T00:07:25</date>
  <millis>1703788645884</millis>
  <sequence>23</sequence>
  <level>RUN_DATA</level>
  <class>com.kms.katalon.core.logging.XmlKeywordLogger</class>
  <method>logMessage</method>
  <thread>1</thread>
  <message>proxyInformation = ProxyInformation { proxyOption=NO_PROXY, proxyServerType=HTTP, username=, password=********, proxyServerAddress=, proxyServerPort=0, executionList=&amp;quot;&amp;quot;, isApplyToDesiredCapabilities=true }</message>
  <nestedLevel>1</nestedLevel>
  <escapedJava>false</escapedJava>
  <property name="proxyInformation">ProxyInformation { proxyOption=NO_PROXY, proxyServerType=HTTP, username=, password=********, proxyServerAddress=, proxyServerPort=0, executionList=&quot;&quot;, isApplyToDesiredCapabilities=true }</property>
</record>
<record>
  <date>2023-12-29T00:07:28</date>
  <millis>1703788648068</millis>
  <sequence>25</sequence>
  <level>PASSED</level>
  <class>com.kms.katalon.core.logging.XmlKeywordLogger</class>
  <method>logMessage</method>
  <thread>1</thread>
  <message>Browser is opened with url: &amp;apos;https://katalon-demo-cura.herokuapp.com/&amp;apos;</message>
  <nestedLevel>1</nestedLevel>
  <escapedJava>false</escapedJava>
  <property name="testops-method-name">com.kms.katalon.core.webui.keyword.builtin.OpenBrowserKeyword.openBrowser</property>
  <property name="testops-execution-stacktrace"></property>
</record>
<record>
  <date>2023-12-29T00:07:28</date>
  <millis>1703788648069</millis>
  <sequence>26</sequence>
  <level>END</level>
  <class>com.kms.katalon.core.logging.XmlKeywordLogger</class>
  <method>endKeyword</method>
  <thread>1</thread>
  <message>End action : openBrowser(&amp;quot;https://katalon-demo-cura.herokuapp.com/&amp;quot;)</message>
  <nestedLevel>1</nestedLevel>
  <escapedJava>false</escapedJava>
</record>
<record>
  <date>2023-12-29T00:07:28</date>
  <millis>1703788648069</millis>
  <sequence>27</sequence>
  <level>START</level>
  <class>com.kms.katalon.core.logging.XmlKeywordLogger</class>
  <method>startKeyword</method>
  <thread>1</thread>
  <message>Start action : maximizeWindow()</message>
  <nestedLevel>1</nestedLevel>
  <escapedJava>false</escapedJava>
  <property name="startLine">23</property>
  <property name="stepIndex">2</property>
</record>
<record>
  <date>2023-12-29T00:07:28</date>
  <millis>1703788648850</millis>
  <sequence>29</sequence>
  <level>PASSED</level>
  <class>com.kms.katalon.core.logging.XmlKeywordLogger</class>
  <method>logMessage</method>
  <thread>1</thread>
  <message>Current window maximized</message>
  <nestedLevel>1</nestedLevel>
  <escapedJava>false</escapedJava>
  <property name="testops-method-name">com.kms.katalon.core.webui.keyword.builtin.MaximizeWindowKeyword.maximizeWindow</property>
  <property name="testops-execution-stacktrace"></property>
</record>
<record>
  <date>2023-12-29T00:07:28</date>
  <millis>1703788648851</millis>
  <sequence>30</sequence>
  <level>END</level>
  <class>com.kms.katalon.core.logging.XmlKeywordLogger</class>
  <method>endKeyword</method>
  <thread>1</thread>
  <message>End action : maximizeWindow()</message>
  <nestedLevel>1</nestedLevel>
  <escapedJava>false</escapedJava>
</record>
<record>
  <date>2023-12-29T00:07:28</date>
  <millis>1703788648852</millis>
  <sequence>31</sequence>
  <level>START</level>
  <class>com.kms.katalon.core.logging.XmlKeywordLogger</class>
  <method>startKeyword</method>
  <thread>1</thread>
  <message>Start action : delay(3)</message>
  <nestedLevel>1</nestedLevel>
  <escapedJava>false</escapedJava>
  <property name="startLine">25</property>
  <property name="stepIndex">3</property>
</record>
<record>
  <date>2023-12-29T00:07:31</date>
  <millis>1703788651878</millis>
  <sequence>33</sequence>
  <level>PASSED</level>
  <class>com.kms.katalon.core.logging.XmlKeywordLogger</class>
  <method>logMessage</method>
  <thread>1</thread>
  <message>Delayed 3 second(s)</message>
  <nestedLevel>1</nestedLevel>
  <escapedJava>false</escapedJava>
  <property name="testops-method-name">com.kms.katalon.core.keyword.builtin.DelayKeyword.delay</property>
  <property name="testops-execution-stacktrace"></property>
</record>
<record>
  <date>2023-12-29T00:07:31</date>
  <millis>1703788651880</millis>
  <sequence>34</sequence>
  <level>END</level>
  <class>com.kms.katalon.core.logging.XmlKeywordLogger</class>
  <method>endKeyword</method>
  <thread>1</thread>
  <message>End action : delay(3)</message>
  <nestedLevel>1</nestedLevel>
  <escapedJava>false</escapedJava>
</record>
<record>
  <date>2023-12-29T00:07:31</date>
  <millis>1703788651880</millis>
  <sequence>35</sequence>
  <level>START</level>
  <class>com.kms.katalon.core.logging.XmlKeywordLogger</class>
  <method>startKeyword</method>
  <thread>1</thread>
  <message>Start action : refresh()</message>
  <nestedLevel>1</nestedLevel>
  <escapedJava>false</escapedJava>
  <property name="startLine">27</property>
  <property name="stepIndex">4</property>
</record>
<record>
  <date>2023-12-29T00:07:32</date>
  <millis>1703788652612</millis>
  <sequence>37</sequence>
  <level>PASSED</level>
  <class>com.kms.katalon.core.logging.XmlKeywordLogger</class>
  <method>logMessage</method>
  <thread>1</thread>
  <message>Refresh successfully</message>
  <nestedLevel>1</nestedLevel>
  <escapedJava>false</escapedJava>
  <property name="testops-method-name">com.kms.katalon.core.webui.keyword.builtin.RefreshKeyword.refresh</property>
  <property name="testops-execution-stacktrace"></property>
</record>
<record>
  <date>2023-12-29T00:07:32</date>
  <millis>1703788652614</millis>
  <sequence>38</sequence>
  <level>END</level>
  <class>com.kms.katalon.core.logging.XmlKeywordLogger</class>
  <method>endKeyword</method>
  <thread>1</thread>
  <message>End action : refresh()</message>
  <nestedLevel>1</nestedLevel>
  <escapedJava>false</escapedJava>
</record>
<record>
  <date>2023-12-29T00:07:32</date>
  <millis>1703788652614</millis>
  <sequence>39</sequence>
  <level>START</level>
  <class>com.kms.katalon.core.logging.XmlKeywordLogger</class>
  <method>startKeyword</method>
  <thread>1</thread>
  <message>Start action : delay(3)</message>
  <nestedLevel>1</nestedLevel>
  <escapedJava>false</escapedJava>
  <property name="startLine">29</property>
  <property name="stepIndex">5</property>
</record>
<record>
  <date>2023-12-29T00:07:35</date>
  <millis>1703788655623</millis>
  <sequence>41</sequence>
  <level>PASSED</level>
  <class>com.kms.katalon.core.logging.XmlKeywordLogger</class>
  <method>logMessage</method>
  <thread>1</thread>
  <message>Delayed 3 second(s)</message>
  <nestedLevel>1</nestedLevel>
  <escapedJava>false</escapedJava>
  <property name="testops-method-name">com.kms.katalon.core.keyword.builtin.DelayKeyword.delay</property>
  <property name="testops-execution-stacktrace"></property>
</record>
<record>
  <date>2023-12-29T00:07:35</date>
  <millis>1703788655625</millis>
  <sequence>42</sequence>
  <level>END</level>
  <class>com.kms.katalon.core.logging.XmlKeywordLogger</class>
  <method>endKeyword</method>
  <thread>1</thread>
  <message>End action : delay(3)</message>
  <nestedLevel>1</nestedLevel>
  <escapedJava>false</escapedJava>
</record>
<record>
  <date>2023-12-29T00:07:35</date>
  <millis>1703788655626</millis>
  <sequence>43</sequence>
  <level>START</level>
  <class>com.kms.katalon.core.logging.XmlKeywordLogger</class>
  <method>startKeyword</method>
  <thread>1</thread>
  <message>Start action : click(findTestObject(&amp;quot;Page_CURA Healthcare Service/a_Make Appointment&amp;quot;))</message>
  <nestedLevel>1</nestedLevel>
  <escapedJava>false</escapedJava>
  <property name="startLine">31</property>
  <property name="stepIndex">6</property>
</record>
<record>
  <date>2023-12-29T00:07:38</date>
  <millis>1703788658695</millis>
  <sequence>53</sequence>
  <level>PASSED</level>
  <class>com.kms.katalon.core.logging.XmlKeywordLogger</class>
  <method>logMessage</method>
  <thread>1</thread>
  <message>Object: &amp;apos;Object Repository/Page_CURA Healthcare Service/a_Make Appointment&amp;apos; is clicked on</message>
  <nestedLevel>1</nestedLevel>
  <escapedJava>false</escapedJava>
  <property name="testops-method-name">com.kms.katalon.core.webui.keyword.builtin.ClickKeyword.click</property>
  <property name="testops-execution-stacktrace"></property>
</record>
<record>
  <date>2023-12-29T00:07:38</date>
  <millis>1703788658697</millis>
  <sequence>54</sequence>
  <level>END</level>
  <class>com.kms.katalon.core.logging.XmlKeywordLogger</class>
  <method>endKeyword</method>
  <thread>1</thread>
  <message>End action : click(findTestObject(&amp;quot;Page_CURA Healthcare Service/a_Make Appointment&amp;quot;))</message>
  <nestedLevel>1</nestedLevel>
  <escapedJava>false</escapedJava>
</record>
<record>
  <date>2023-12-29T00:07:38</date>
  <millis>1703788658697</millis>
  <sequence>55</sequence>
  <level>START</level>
  <class>com.kms.katalon.core.logging.XmlKeywordLogger</class>
  <method>startKeyword</method>
  <thread>1</thread>
  <message>Start action : delay(3)</message>
  <nestedLevel>1</nestedLevel>
  <escapedJava>false</escapedJava>
  <property name="startLine">33</property>
  <property name="stepIndex">7</property>
</record>
<record>
  <date>2023-12-29T00:07:41</date>
  <millis>1703788661712</millis>
  <sequence>57</sequence>
  <level>PASSED</level>
  <class>com.kms.katalon.core.logging.XmlKeywordLogger</class>
  <method>logMessage</method>
  <thread>1</thread>
  <message>Delayed 3 second(s)</message>
  <nestedLevel>1</nestedLevel>
  <escapedJava>false</escapedJava>
  <property name="testops-method-name">com.kms.katalon.core.keyword.builtin.DelayKeyword.delay</property>
  <property name="testops-execution-stacktrace"></property>
</record>
<record>
  <date>2023-12-29T00:07:41</date>
  <millis>1703788661713</millis>
  <sequence>58</sequence>
  <level>END</level>
  <class>com.kms.katalon.core.logging.XmlKeywordLogger</class>
  <method>endKeyword</method>
  <thread>1</thread>
  <message>End action : delay(3)</message>
  <nestedLevel>1</nestedLevel>
  <escapedJava>false</escapedJava>
</record>
<record>
  <date>2023-12-29T00:07:41</date>
  <millis>1703788661714</millis>
  <sequence>59</sequence>
  <level>START</level>
  <class>com.kms.katalon.core.logging.XmlKeywordLogger</class>
  <method>startKeyword</method>
  <thread>1</thread>
  <message>Start action : back()</message>
  <nestedLevel>1</nestedLevel>
  <escapedJava>false</escapedJava>
  <property name="startLine">35</property>
  <property name="stepIndex">8</property>
</record>
<record>
  <date>2023-12-29T00:07:42</date>
  <millis>1703788662529</millis>
  <sequence>61</sequence>
  <level>PASSED</level>
  <class>com.kms.katalon.core.logging.XmlKeywordLogger</class>
  <method>logMessage</method>
  <thread>1</thread>
  <message>Navigate back successfully</message>
  <nestedLevel>1</nestedLevel>
  <escapedJava>false</escapedJava>
  <property name="testops-method-name">com.kms.katalon.core.webui.keyword.builtin.BackKeyword.back</property>
  <property name="testops-execution-stacktrace"></property>
</record>
<record>
  <date>2023-12-29T00:07:42</date>
  <millis>1703788662530</millis>
  <sequence>62</sequence>
  <level>END</level>
  <class>com.kms.katalon.core.logging.XmlKeywordLogger</class>
  <method>endKeyword</method>
  <thread>1</thread>
  <message>End action : back()</message>
  <nestedLevel>1</nestedLevel>
  <escapedJava>false</escapedJava>
</record>
<record>
  <date>2023-12-29T00:07:42</date>
  <millis>1703788662531</millis>
  <sequence>63</sequence>
  <level>START</level>
  <class>com.kms.katalon.core.logging.XmlKeywordLogger</class>
  <method>startKeyword</method>
  <thread>1</thread>
  <message>Start action : delay(3)</message>
  <nestedLevel>1</nestedLevel>
  <escapedJava>false</escapedJava>
  <property name="startLine">37</property>
  <property name="stepIndex">9</property>
</record>
<record>
  <date>2023-12-29T00:07:45</date>
  <millis>1703788665538</millis>
  <sequence>65</sequence>
  <level>PASSED</level>
  <class>com.kms.katalon.core.logging.XmlKeywordLogger</class>
  <method>logMessage</method>
  <thread>1</thread>
  <message>Delayed 3 second(s)</message>
  <nestedLevel>1</nestedLevel>
  <escapedJava>false</escapedJava>
  <property name="testops-method-name">com.kms.katalon.core.keyword.builtin.DelayKeyword.delay</property>
  <property name="testops-execution-stacktrace"></property>
</record>
<record>
  <date>2023-12-29T00:07:45</date>
  <millis>1703788665539</millis>
  <sequence>66</sequence>
  <level>END</level>
  <class>com.kms.katalon.core.logging.XmlKeywordLogger</class>
  <method>endKeyword</method>
  <thread>1</thread>
  <message>End action : delay(3)</message>
  <nestedLevel>1</nestedLevel>
  <escapedJava>false</escapedJava>
</record>
<record>
  <date>2023-12-29T00:07:45</date>
  <millis>1703788665539</millis>
  <sequence>67</sequence>
  <level>START</level>
  <class>com.kms.katalon.core.logging.XmlKeywordLogger</class>
  <method>startKeyword</method>
  <thread>1</thread>
  <message>Start action : forward()</message>
  <nestedLevel>1</nestedLevel>
  <escapedJava>false</escapedJava>
  <property name="startLine">39</property>
  <property name="stepIndex">10</property>
</record>
<record>
  <date>2023-12-29T00:07:46</date>
  <millis>1703788666252</millis>
  <sequence>69</sequence>
  <level>PASSED</level>
  <class>com.kms.katalon.core.logging.XmlKeywordLogger</class>
  <method>logMessage</method>
  <thread>1</thread>
  <message>Navigate forward successfully</message>
  <nestedLevel>1</nestedLevel>
  <escapedJava>false</escapedJava>
  <property name="testops-method-name">com.kms.katalon.core.webui.keyword.builtin.ForwardKeyword.forward</property>
  <property name="testops-execution-stacktrace"></property>
</record>
<record>
  <date>2023-12-29T00:07:46</date>
  <millis>1703788666253</millis>
  <sequence>70</sequence>
  <level>END</level>
  <class>com.kms.katalon.core.logging.XmlKeywordLogger</class>
  <method>endKeyword</method>
  <thread>1</thread>
  <message>End action : forward()</message>
  <nestedLevel>1</nestedLevel>
  <escapedJava>false</escapedJava>
</record>
<record>
  <date>2023-12-29T00:07:46</date>
  <millis>1703788666253</millis>
  <sequence>71</sequence>
  <level>START</level>
  <class>com.kms.katalon.core.logging.XmlKeywordLogger</class>
  <method>startKeyword</method>
  <thread>1</thread>
  <message>Start action : delay(2)</message>
  <nestedLevel>1</nestedLevel>
  <escapedJava>false</escapedJava>
  <property name="startLine">41</property>
  <property name="stepIndex">11</property>
</record>
<record>
  <date>2023-12-29T00:07:48</date>
  <millis>1703788668272</millis>
  <sequence>73</sequence>
  <level>PASSED</level>
  <class>com.kms.katalon.core.logging.XmlKeywordLogger</class>
  <method>logMessage</method>
  <thread>1</thread>
  <message>Delayed 2 second(s)</message>
  <nestedLevel>1</nestedLevel>
  <escapedJava>false</escapedJava>
  <property name="testops-method-name">com.kms.katalon.core.keyword.builtin.DelayKeyword.delay</property>
  <property name="testops-execution-stacktrace"></property>
</record>
<record>
  <date>2023-12-29T00:07:48</date>
  <millis>1703788668273</millis>
  <sequence>74</sequence>
  <level>END</level>
  <class>com.kms.katalon.core.logging.XmlKeywordLogger</class>
  <method>endKeyword</method>
  <thread>1</thread>
  <message>End action : delay(2)</message>
  <nestedLevel>1</nestedLevel>
  <escapedJava>false</escapedJava>
</record>
<record>
  <date>2023-12-29T00:07:48</date>
  <millis>1703788668273</millis>
  <sequence>75</sequence>
  <level>START</level>
  <class>com.kms.katalon.core.logging.XmlKeywordLogger</class>
  <method>startKeyword</method>
  <thread>1</thread>
  <message>Start action : closeBrowser()</message>
  <nestedLevel>1</nestedLevel>
  <escapedJava>false</escapedJava>
  <property name="startLine">43</property>
  <property name="stepIndex">12</property>
</record>
<record>
  <date>2023-12-29T00:07:49</date>
  <millis>1703788669459</millis>
  <sequence>77</sequence>
  <level>PASSED</level>
  <class>com.kms.katalon.core.logging.XmlKeywordLogger</class>
  <method>logMessage</method>
  <thread>1</thread>
  <message>Browser is closed</message>
  <nestedLevel>1</nestedLevel>
  <escapedJava>false</escapedJava>
  <property name="testops-method-name">com.kms.katalon.core.webui.keyword.builtin.CloseBrowserKeyword.closeBrowser</property>
  <property name="testops-execution-stacktrace"></property>
</record>
<record>
  <date>2023-12-29T00:07:49</date>
  <millis>1703788669459</millis>
  <sequence>78</sequence>
  <level>END</level>
  <class>com.kms.katalon.core.logging.XmlKeywordLogger</class>
  <method>endKeyword</method>
  <thread>1</thread>
  <message>End action : closeBrowser()</message>
  <nestedLevel>1</nestedLevel>
  <escapedJava>false</escapedJava>
</record>
<record>
  <date>2023-12-29T00:07:49</date>
  <millis>1703788669460</millis>
  <sequence>79</sequence>
  <level>PASSED</level>
  <class>com.kms.katalon.core.logging.XmlKeywordLogger</class>
  <method>logMessage</method>
  <thread>1</thread>
  <message>Test Cases/Browser Operations in Katalon/TC_001 -Basic browser operations</message>
  <nestedLevel>1</nestedLevel>
  <escapedJava>false</escapedJava>
</record>
<record>
  <date>2023-12-29T00:07:49</date>
  <millis>1703788669461</millis>
  <sequence>80</sequence>
  <level>END</level>
  <class>com.kms.katalon.core.logging.XmlKeywordLogger</class>
  <method>endTest</method>
  <thread>1</thread>
  <message>End Test Case : Test Cases/Browser Operations in Katalon/TC_001 -Basic browser operations</message>
  <nestedLevel>0</nestedLevel>
  <escapedJava>false</escapedJava>
  <property name="executionBindingVariables">[]</property>
  <property name="applitools">false</property>
  <property name="remainingRetryCount">3</property>
  <property name="currentRetryCount">0</property>
  <property name="keywordsUsage">{
  &quot;web_ui&quot;: true,
  &quot;web_service&quot;: false,
  &quot;cucumber&quot;: false,
  &quot;builtin&quot;: true,
  &quot;mobile&quot;: false,
  &quot;windows&quot;: false,
  &quot;testng&quot;: false
}</property>
</record>
<record>
  <date>2023-12-29T00:07:49</date>
  <millis>1703788669467</millis>
  <sequence>81</sequence>
  <level>START</level>
  <class>com.kms.katalon.core.logging.XmlKeywordLogger</class>
  <method>startKeyword</method>
  <thread>1</thread>
  <message>Start listener action : exportKatalonReports</message>
  <nestedLevel>0</nestedLevel>
  <escapedJava>false</escapedJava>
</record>
<record>
  <date>2023-12-29T00:07:49</date>
  <millis>1703788669732</millis>
  <sequence>201</sequence>
  <level>INFO</level>
  <class>com.kms.katalon.core.logging.XmlKeywordLogger</class>
  <method>logMessage</method>
  <thread>1</thread>
  <message>Start generating HTML report folder at: C:\Users\KalpanaKukreja\Documents\Katalon Courses\Browser operations in Katalon\Katalon Automation Courses\Reports\20231229_000641\Basic browser operations\20231229_000644...</message>
  <nestedLevel>0</nestedLevel>
  <escapedJava>false</escapedJava>
</record>
<record>
  <date>2023-12-29T00:07:50</date>
  <millis>1703788670025</millis>
  <sequence>202</sequence>
  <level>INFO</level>
  <class>com.kms.katalon.core.logging.XmlKeywordLogger</class>
  <method>logMessage</method>
  <thread>1</thread>
  <message>HTML report generated</message>
  <nestedLevel>0</nestedLevel>
  <escapedJava>false</escapedJava>
</record>
<record>
  <date>2023-12-29T00:07:50</date>
  <millis>1703788670026</millis>
  <sequence>203</sequence>
  <level>INFO</level>
  <class>com.kms.katalon.core.logging.XmlKeywordLogger</class>
  <method>logMessage</method>
  <thread>1</thread>
  <message>Start generating CSV report folder at: C:\Users\KalpanaKukreja\Documents\Katalon Courses\Browser operations in Katalon\Katalon Automation Courses\Reports\20231229_000641\Basic browser operations\20231229_000644...</message>
  <nestedLevel>0</nestedLevel>
  <escapedJava>false</escapedJava>
</record>
<record>
  <date>2023-12-29T00:07:50</date>
  <millis>1703788670043</millis>
  <sequence>204</sequence>
  <level>INFO</level>
  <class>com.kms.katalon.core.logging.XmlKeywordLogger</class>
  <method>logMessage</method>
  <thread>1</thread>
  <message>CSV report generated</message>
  <nestedLevel>0</nestedLevel>
  <escapedJava>false</escapedJava>
</record>
<record>
  <date>2023-12-29T00:07:50</date>
  <millis>1703788670459</millis>
  <sequence>206</sequence>
  <level>END</level>
  <class>com.kms.katalon.core.logging.XmlKeywordLogger</class>
  <method>endKeyword</method>
  <thread>1</thread>
  <message>End listener action : exportKatalonReports</message>
  <nestedLevel>0</nestedLevel>
  <escapedJava>false</escapedJava>
</record>
<record>
  <date>2023-12-29T00:07:50</date>
  <millis>1703788670497</millis>
  <sequence>207</sequence>
  <level>END</level>
  <class>com.kms.katalon.core.logging.XmlKeywordLogger</class>
  <method>endSuite</method>
  <thread>1</thread>
  <message>End Test Suite : Test Suites/Basic browser operations</message>
  <nestedLevel>0</nestedLevel>
  <escapedJava>false</escapedJava>
</record>
</log>